[Fri Jul 26 10:07:35 2013]: Using '/var/lib/cocoon-2.1.11/dh13_abstracts/search/logs/post.log' as log file
[Fri Jul 26 10:07:35 2013]: Collecting files
[Fri Jul 26 10:07:35 2013]: Using regex: '[A-Za-z].*\.xml'
[Fri Jul 26 10:07:35 2013]: Finished collecting files
[Fri Jul 26 10:07:35 2013]: Files to be processed: ['/var/lib/cocoon-2.1.11/dh13_abstracts/xml/documents/ab-138.xml', '/var/lib/cocoon-2.1.11/dh13_abstracts/xml/documents/ab-279.xml', '/var/lib/cocoon-2.1.11/dh13_abstracts/xml/documents/ab-171.xml', '/var/lib/cocoon-2.1.11/dh13_abstracts/xml/documents/ab-206.xml', '/var/lib/cocoon-2.1.11/dh13_abstracts/xml/documents/ab-235.xml', '/var/lib/cocoon-2.1.11/dh13_abstracts/xml/documents/ab-458.xml', '/var/lib/cocoon-2.1.11/dh13_abstracts/xml/documents/ab-222.xml', '/var/lib/cocoon-2.1.11/dh13_abstracts/xml/documents/ab-274.xml', '/var/lib/cocoon-2.1.11/dh13_abstracts/xml/documents/ab-140.xml', '/var/lib/cocoon-2.1.11/dh13_abstracts/xml/documents/plenary-003.xml', '/var/lib/cocoon-2.1.11/dh13_abstracts/xml/documents/ab-265.xml', '/var/lib/cocoon-2.1.11/dh13_abstracts/xml/documents/ab-272.xml', '/var/lib/cocoon-2.1.11/dh13_abstracts/xml/documents/ab-263.xml', '/var/lib/cocoon-2.1.11/dh13_abstracts/xml/documents/ab-412.xml', '/var/lib/cocoon-2.1.11/dh13_abstracts/xml/documents/ab-337.xml', '/var/lib/cocoon-2.1.11/dh13_abstracts/xml/documents/ab-234.xml', '/var/lib/cocoon-2.1.11/dh13_abstracts/xml/documents/ab-186.xml', '/var/lib/cocoon-2.1.11/dh13_abstracts/xml/documents/ab-403.xml', '/var/lib/cocoon-2.1.11/dh13_abstracts/xml/documents/ab-435.xml', '/var/lib/cocoon-2.1.11/dh13_abstracts/xml/documents/ab-231.xml', '/var/lib/cocoon-2.1.11/dh13_abstracts/xml/documents/ab-268.xml', '/var/lib/cocoon-2.1.11/dh13_abstracts/xml/documents/ab-198.xml', '/var/lib/cocoon-2.1.11/dh13_abstracts/xml/documents/ab-108.xml', '/var/lib/cocoon-2.1.11/dh13_abstracts/xml/documents/ab-270.xml', '/var/lib/cocoon-2.1.11/dh13_abstracts/xml/documents/ab-348.xml', '/var/lib/cocoon-2.1.11/dh13_abstracts/xml/documents/ab-315.xml', '/var/lib/cocoon-2.1.11/dh13_abstracts/xml/documents/ab-249.xml', '/var/lib/cocoon-2.1.11/dh13_abstracts/xml/documents/ab-394.xml', '/var/lib/cocoon-2.1.11/dh13_abstracts/xml/documents/ab-124.xml', '/var/lib/cocoon-2.1.11/dh13_abstracts/xml/documents/ab-175.xml', '/var/lib/cocoon-2.1.11/dh13_abstracts/xml/documents/ab-378.xml', '/var/lib/cocoon-2.1.11/dh13_abstracts/xml/documents/ab-297.xml', '/var/lib/cocoon-2.1.11/dh13_abstracts/xml/documents/ab-160.xml', '/var/lib/cocoon-2.1.11/dh13_abstracts/xml/documents/ab-110.xml', '/var/lib/cocoon-2.1.11/dh13_abstracts/xml/documents/ab-133.xml', '/var/lib/cocoon-2.1.11/dh13_abstracts/xml/documents/ab-271.xml', '/var/lib/cocoon-2.1.11/dh13_abstracts/xml/documents/ab-207.xml', '/var/lib/cocoon-2.1.11/dh13_abstracts/xml/documents/ab-376.xml', '/var/lib/cocoon-2.1.11/dh13_abstracts/xml/documents/ab-329.xml', '/var/lib/cocoon-2.1.11/dh13_abstracts/xml/documents/ab-354.xml', '/var/lib/cocoon-2.1.11/dh13_abstracts/xml/documents/ab-223.xml', '/var/lib/cocoon-2.1.11/dh13_abstracts/xml/documents/ab-371.xml', '/var/lib/cocoon-2.1.11/dh13_abstracts/xml/documents/ab-114.xml', '/var/lib/cocoon-2.1.11/dh13_abstracts/xml/documents/ab-254.xml', '/var/lib/cocoon-2.1.11/dh13_abstracts/xml/documents/ab-134.xml', '/var/lib/cocoon-2.1.11/dh13_abstracts/xml/documents/ab-245.xml', '/var/lib/cocoon-2.1.11/dh13_abstracts/xml/documents/ab-346.xml', '/var/lib/cocoon-2.1.11/dh13_abstracts/xml/documents/ab-444.xml', '/var/lib/cocoon-2.1.11/dh13_abstracts/xml/documents/ab-417.xml', '/var/lib/cocoon-2.1.11/dh13_abstracts/xml/documents/ab-422.xml', '/var/lib/cocoon-2.1.11/dh13_abstracts/xml/documents/ab-225.xml', '/var/lib/cocoon-2.1.11/dh13_abstracts/xml/documents/ab-397.xml', '/var/lib/cocoon-2.1.11/dh13_abstracts/xml/documents/ab-409.xml', '/var/lib/cocoon-2.1.11/dh13_abstracts/xml/documents/ab-230.xml', '/var/lib/cocoon-2.1.11/dh13_abstracts/xml/documents/ab-314.xml', '/var/lib/cocoon-2.1.11/dh13_abstracts/xml/documents/ab-264.xml', '/var/lib/cocoon-2.1.11/dh13_abstracts/xml/documents/ab-367.xml', '/var/lib/cocoon-2.1.11/dh13_abstracts/xml/documents/ab-277.xml', '/var/lib/cocoon-2.1.11/dh13_abstracts/xml/documents/ab-300.xml', '/var/lib/cocoon-2.1.11/dh13_abstracts/xml/documents/ab-159.xml', '/var/lib/cocoon-2.1.11/dh13_abstracts/xml/documents/ab-419.xml', '/var/lib/cocoon-2.1.11/dh13_abstracts/xml/documents/ab-163.xml', '/var/lib/cocoon-2.1.11/dh13_abstracts/xml/documents/ab-145.xml', '/var/lib/cocoon-2.1.11/dh13_abstracts/xml/documents/ab-195.xml', '/var/lib/cocoon-2.1.11/dh13_abstracts/xml/documents/ab-257.xml', '/var/lib/cocoon-2.1.11/dh13_abstracts/xml/documents/ab-142.xml', '/var/lib/cocoon-2.1.11/dh13_abstracts/xml/documents/ab-405.xml', '/var/lib/cocoon-2.1.11/dh13_abstracts/xml/documents/ab-221.xml', '/var/lib/cocoon-2.1.11/dh13_abstracts/xml/documents/ab-246.xml', '/var/lib/cocoon-2.1.11/dh13_abstracts/xml/documents/ab-283.xml', '/var/lib/cocoon-2.1.11/dh13_abstracts/xml/documents/ab-443.xml', '/var/lib/cocoon-2.1.11/dh13_abstracts/xml/documents/ab-143.xml', '/var/lib/cocoon-2.1.11/dh13_abstracts/xml/documents/ab-139.xml', '/var/lib/cocoon-2.1.11/dh13_abstracts/xml/documents/ab-239.xml', '/var/lib/cocoon-2.1.11/dh13_abstracts/xml/documents/ab-241.xml', '/var/lib/cocoon-2.1.11/dh13_abstracts/xml/documents/workshops-002.xml', '/var/lib/cocoon-2.1.11/dh13_abstracts/xml/documents/ab-260.xml', '/var/lib/cocoon-2.1.11/dh13_abstracts/xml/documents/ab-121.xml', '/var/lib/cocoon-2.1.11/dh13_abstracts/xml/documents/ab-266.xml', '/var/lib/cocoon-2.1.11/dh13_abstracts/xml/documents/ab-233.xml', '/var/lib/cocoon-2.1.11/dh13_abstracts/xml/documents/ab-177.xml', '/var/lib/cocoon-2.1.11/dh13_abstracts/xml/documents/ab-117.xml', '/var/lib/cocoon-2.1.11/dh13_abstracts/xml/documents/ab-182.xml', '/var/lib/cocoon-2.1.11/dh13_abstracts/xml/documents/ab-296.xml', '/var/lib/cocoon-2.1.11/dh13_abstracts/xml/documents/ab-360.xml', '/var/lib/cocoon-2.1.11/dh13_abstracts/xml/documents/ab-320.xml', '/var/lib/cocoon-2.1.11/dh13_abstracts/xml/documents/ab-202.xml', '/var/lib/cocoon-2.1.11/dh13_abstracts/xml/documents/ab-236.xml', '/var/lib/cocoon-2.1.11/dh13_abstracts/xml/documents/ab-339.xml', '/var/lib/cocoon-2.1.11/dh13_abstracts/xml/documents/ab-363.xml', '/var/lib/cocoon-2.1.11/dh13_abstracts/xml/documents/ab-201.xml', '/var/lib/cocoon-2.1.11/dh13_abstracts/xml/documents/ab-165.xml', '/var/lib/cocoon-2.1.11/dh13_abstracts/xml/documents/plenary-001.xml', '/var/lib/cocoon-2.1.11/dh13_abstracts/xml/documents/ab-252.xml', '/var/lib/cocoon-2.1.11/dh13_abstracts/xml/documents/ab-273.xml', '/var/lib/cocoon-2.1.11/dh13_abstracts/xml/documents/ab-341.xml', '/var/lib/cocoon-2.1.11/dh13_abstracts/xml/documents/ab-137.xml', '/var/lib/cocoon-2.1.11/dh13_abstracts/xml/documents/ab-359.xml', '/var/lib/cocoon-2.1.11/dh13_abstracts/xml/documents/workshops-001.xml', '/var/lib/cocoon-2.1.11/dh13_abstracts/xml/documents/ab-200.xml', '/var/lib/cocoon-2.1.11/dh13_abstracts/xml/documents/ab-135.xml', '/var/lib/cocoon-2.1.11/dh13_abstracts/xml/documents/ab-243.xml', '/var/lib/cocoon-2.1.11/dh13_abstracts/xml/documents/ab-184.xml', '/var/lib/cocoon-2.1.11/dh13_abstracts/xml/documents/ab-317.xml', '/var/lib/cocoon-2.1.11/dh13_abstracts/xml/documents/ab-269.xml', '/var/lib/cocoon-2.1.11/dh13_abstracts/xml/documents/ab-276.xml', '/var/lib/cocoon-2.1.11/dh13_abstracts/xml/documents/ab-425.xml', '/var/lib/cocoon-2.1.11/dh13_abstracts/xml/documents/ab-161.xml', '/var/lib/cocoon-2.1.11/dh13_abstracts/xml/documents/ab-150.xml', '/var/lib/cocoon-2.1.11/dh13_abstracts/xml/documents/ab-248.xml', '/var/lib/cocoon-2.1.11/dh13_abstracts/xml/documents/ab-399.xml', '/var/lib/cocoon-2.1.11/dh13_abstracts/xml/documents/ab-352.xml', '/var/lib/cocoon-2.1.11/dh13_abstracts/xml/documents/ab-460.xml', '/var/lib/cocoon-2.1.11/dh13_abstracts/xml/documents/ab-178.xml', '/var/lib/cocoon-2.1.11/dh13_abstracts/xml/documents/ab-147.xml', '/var/lib/cocoon-2.1.11/dh13_abstracts/xml/documents/ab-112.xml', '/var/lib/cocoon-2.1.11/dh13_abstracts/xml/documents/workshops-009.xml', '/var/lib/cocoon-2.1.11/dh13_abstracts/xml/documents/ab-215.xml', '/var/lib/cocoon-2.1.11/dh13_abstracts/xml/documents/ab-250.xml', '/var/lib/cocoon-2.1.11/dh13_abstracts/xml/documents/ab-303.xml', '/var/lib/cocoon-2.1.11/dh13_abstracts/xml/documents/ab-338.xml', '/var/lib/cocoon-2.1.11/dh13_abstracts/xml/documents/ab-336.xml', '/var/lib/cocoon-2.1.11/dh13_abstracts/xml/documents/ab-381.xml', '/var/lib/cocoon-2.1.11/dh13_abstracts/xml/documents/ab-180.xml', '/var/lib/cocoon-2.1.11/dh13_abstracts/xml/documents/ab-127.xml', '/var/lib/cocoon-2.1.11/dh13_abstracts/xml/documents/ab-370.xml', '/var/lib/cocoon-2.1.11/dh13_abstracts/xml/documents/ab-413.xml', '/var/lib/cocoon-2.1.11/dh13_abstracts/xml/documents/ab-445.xml', '/var/lib/cocoon-2.1.11/dh13_abstracts/xml/documents/ab-169.xml', '/var/lib/cocoon-2.1.11/dh13_abstracts/xml/documents/ab-331.xml', '/var/lib/cocoon-2.1.11/dh13_abstracts/xml/documents/workshops-005.xml', '/var/lib/cocoon-2.1.11/dh13_abstracts/xml/documents/ab-431.xml', '/var/lib/cocoon-2.1.11/dh13_abstracts/xml/documents/ab-154.xml', '/var/lib/cocoon-2.1.11/dh13_abstracts/xml/documents/ab-434.xml', '/var/lib/cocoon-2.1.11/dh13_abstracts/xml/documents/ab-301.xml', '/var/lib/cocoon-2.1.11/dh13_abstracts/xml/documents/ab-424.xml', '/var/lib/cocoon-2.1.11/dh13_abstracts/xml/documents/ab-299.xml', '/var/lib/cocoon-2.1.11/dh13_abstracts/xml/documents/ab-440.xml', '/var/lib/cocoon-2.1.11/dh13_abstracts/xml/documents/ab-253.xml', '/var/lib/cocoon-2.1.11/dh13_abstracts/xml/documents/ab-456.xml', '/var/lib/cocoon-2.1.11/dh13_abstracts/xml/documents/ab-151.xml', '/var/lib/cocoon-2.1.11/dh13_abstracts/xml/documents/workshops-012.xml', '/var/lib/cocoon-2.1.11/dh13_abstracts/xml/documents/ab-426.xml', '/var/lib/cocoon-2.1.11/dh13_abstracts/xml/documents/ab-319.xml', '/var/lib/cocoon-2.1.11/dh13_abstracts/xml/documents/ab-427.xml', '/var/lib/cocoon-2.1.11/dh13_abstracts/xml/documents/workshops-004.xml', '/var/lib/cocoon-2.1.11/dh13_abstracts/xml/documents/ab-423.xml', '/var/lib/cocoon-2.1.11/dh13_abstracts/xml/documents/ab-187.xml', '/var/lib/cocoon-2.1.11/dh13_abstracts/xml/documents/ab-358.xml', '/var/lib/cocoon-2.1.11/dh13_abstracts/xml/documents/ab-410.xml', '/var/lib/cocoon-2.1.11/dh13_abstracts/xml/documents/ab-364.xml', '/var/lib/cocoon-2.1.11/dh13_abstracts/xml/documents/ab-332.xml', '/var/lib/cocoon-2.1.11/dh13_abstracts/xml/documents/ab-350.xml', '/var/lib/cocoon-2.1.11/dh13_abstracts/xml/documents/ab-292.xml', '/var/lib/cocoon-2.1.11/dh13_abstracts/xml/documents/ab-131.xml', '/var/lib/cocoon-2.1.11/dh13_abstracts/xml/documents/ab-208.xml', '/var/lib/cocoon-2.1.11/dh13_abstracts/xml/documents/ab-334.xml', '/var/lib/cocoon-2.1.11/dh13_abstracts/xml/documents/ab-162.xml', '/var/lib/cocoon-2.1.11/dh13_abstracts/xml/documents/ab-190.xml', '/var/lib/cocoon-2.1.11/dh13_abstracts/xml/documents/ab-192.xml', '/var/lib/cocoon-2.1.11/dh13_abstracts/xml/documents/ab-194.xml', '/var/lib/cocoon-2.1.11/dh13_abstracts/xml/documents/ab-173.xml', '/var/lib/cocoon-2.1.11/dh13_abstracts/xml/documents/workshops-013.xml', '/var/lib/cocoon-2.1.11/dh13_abstracts/xml/documents/ab-286.xml', '/var/lib/cocoon-2.1.11/dh13_abstracts/xml/documents/ab-227.xml', '/var/lib/cocoon-2.1.11/dh13_abstracts/xml/documents/ab-261.xml', '/var/lib/cocoon-2.1.11/dh13_abstracts/xml/documents/ab-214.xml', '/var/lib/cocoon-2.1.11/dh13_abstracts/xml/documents/ab-391.xml', '/var/lib/cocoon-2.1.11/dh13_abstracts/xml/documents/ab-377.xml', '/var/lib/cocoon-2.1.11/dh13_abstracts/xml/documents/ab-155.xml', '/var/lib/cocoon-2.1.11/dh13_abstracts/xml/documents/workshops-008.xml', '/var/lib/cocoon-2.1.11/dh13_abstracts/xml/documents/ab-379.xml', '/var/lib/cocoon-2.1.11/dh13_abstracts/xml/documents/ab-324.xml', '/var/lib/cocoon-2.1.11/dh13_abstracts/xml/documents/ab-342.xml', '/var/lib/cocoon-2.1.11/dh13_abstracts/xml/documents/ab-285.xml', '/var/lib/cocoon-2.1.11/dh13_abstracts/xml/documents/ab-106.xml', '/var/lib/cocoon-2.1.11/dh13_abstracts/xml/documents/ab-226.xml', '/var/lib/cocoon-2.1.11/dh13_abstracts/xml/documents/ab-118.xml', '/var/lib/cocoon-2.1.11/dh13_abstracts/xml/documents/ab-416.xml', '/var/lib/cocoon-2.1.11/dh13_abstracts/xml/documents/ab-368.xml', '/var/lib/cocoon-2.1.11/dh13_abstracts/xml/documents/ab-255.xml', '/var/lib/cocoon-2.1.11/dh13_abstracts/xml/documents/ab-357.xml', '/var/lib/cocoon-2.1.11/dh13_abstracts/xml/documents/ab-136.xml', '/var/lib/cocoon-2.1.11/dh13_abstracts/xml/documents/ab-321.xml', '/var/lib/cocoon-2.1.11/dh13_abstracts/xml/documents/ab-158.xml', '/var/lib/cocoon-2.1.11/dh13_abstracts/xml/documents/ab-149.xml', '/var/lib/cocoon-2.1.11/dh13_abstracts/xml/documents/workshops-014.xml', '/var/lib/cocoon-2.1.11/dh13_abstracts/xml/documents/ab-295.xml', '/var/lib/cocoon-2.1.11/dh13_abstracts/xml/documents/ab-122.xml', '/var/lib/cocoon-2.1.11/dh13_abstracts/xml/documents/ab-188.xml', '/var/lib/cocoon-2.1.11/dh13_abstracts/xml/documents/ab-174.xml', '/var/lib/cocoon-2.1.11/dh13_abstracts/xml/documents/ab-205.xml', '/var/lib/cocoon-2.1.11/dh13_abstracts/xml/documents/ab-217.xml', '/var/lib/cocoon-2.1.11/dh13_abstracts/xml/documents/ab-229.xml', '/var/lib/cocoon-2.1.11/dh13_abstracts/xml/documents/ab-438.xml', '/var/lib/cocoon-2.1.11/dh13_abstracts/xml/documents/workshops-007.xml', '/var/lib/cocoon-2.1.11/dh13_abstracts/xml/documents/ab-355.xml', '/var/lib/cocoon-2.1.11/dh13_abstracts/xml/documents/ab-259.xml', '/var/lib/cocoon-2.1.11/dh13_abstracts/xml/documents/workshops-003.xml', '/var/lib/cocoon-2.1.11/dh13_abstracts/xml/documents/workshops-011.xml', '/var/lib/cocoon-2.1.11/dh13_abstracts/xml/documents/ab-441.xml', '/var/lib/cocoon-2.1.11/dh13_abstracts/xml/documents/ab-287.xml', '/var/lib/cocoon-2.1.11/dh13_abstracts/xml/documents/ab-318.xml', '/var/lib/cocoon-2.1.11/dh13_abstracts/xml/documents/ab-232.xml', '/var/lib/cocoon-2.1.11/dh13_abstracts/xml/documents/ab-450.xml', '/var/lib/cocoon-2.1.11/dh13_abstracts/xml/documents/ab-384.xml', '/var/lib/cocoon-2.1.11/dh13_abstracts/xml/documents/ab-258.xml', '/var/lib/cocoon-2.1.11/dh13_abstracts/xml/documents/ab-365.xml', '/var/lib/cocoon-2.1.11/dh13_abstracts/xml/documents/ab-212.xml', '/var/lib/cocoon-2.1.11/dh13_abstracts/xml/documents/ab-420.xml', '/var/lib/cocoon-2.1.11/dh13_abstracts/xml/documents/ab-107.xml', '/var/lib/cocoon-2.1.11/dh13_abstracts/xml/documents/ab-353.xml', '/var/lib/cocoon-2.1.11/dh13_abstracts/xml/documents/ab-293.xml', '/var/lib/cocoon-2.1.11/dh13_abstracts/xml/documents/ab-305.xml', '/var/lib/cocoon-2.1.11/dh13_abstracts/xml/documents/ab-153.xml', '/var/lib/cocoon-2.1.11/dh13_abstracts/xml/documents/ab-312.xml', '/var/lib/cocoon-2.1.11/dh13_abstracts/xml/documents/ab-126.xml', '/var/lib/cocoon-2.1.11/dh13_abstracts/xml/documents/ab-179.xml', '/var/lib/cocoon-2.1.11/dh13_abstracts/xml/documents/ab-251.xml', '/var/lib/cocoon-2.1.11/dh13_abstracts/xml/documents/ab-294.xml', '/var/lib/cocoon-2.1.11/dh13_abstracts/xml/documents/ab-316.xml', '/var/lib/cocoon-2.1.11/dh13_abstracts/xml/documents/ab-204.xml', '/var/lib/cocoon-2.1.11/dh13_abstracts/xml/documents/workshops-010.xml', '/var/lib/cocoon-2.1.11/dh13_abstracts/xml/documents/ab-366.xml', '/var/lib/cocoon-2.1.11/dh13_abstracts/xml/documents/ab-442.xml', '/var/lib/cocoon-2.1.11/dh13_abstracts/xml/documents/ab-313.xml', '/var/lib/cocoon-2.1.11/dh13_abstracts/xml/documents/ab-457.xml', '/var/lib/cocoon-2.1.11/dh13_abstracts/xml/documents/ab-181.xml', '/var/lib/cocoon-2.1.11/dh13_abstracts/xml/documents/ab-130.xml', '/var/lib/cocoon-2.1.11/dh13_abstracts/xml/documents/ab-382.xml', '/var/lib/cocoon-2.1.11/dh13_abstracts/xml/documents/ab-429.xml', '/var/lib/cocoon-2.1.11/dh13_abstracts/xml/documents/ab-111.xml', '/var/lib/cocoon-2.1.11/dh13_abstracts/xml/documents/ab-156.xml', '/var/lib/cocoon-2.1.11/dh13_abstracts/xml/documents/plenary-002.xml', '/var/lib/cocoon-2.1.11/dh13_abstracts/xml/documents/ab-104.xml', '/var/lib/cocoon-2.1.11/dh13_abstracts/xml/documents/ab-289.xml']
[Fri Jul 26 10:07:35 2013]: Transforming files
[Fri Jul 26 10:07:35 2013]: Processing /var/lib/cocoon-2.1.11/dh13_abstracts/xml/documents/ab-138.xml
[Fri Jul 26 10:07:38 2013]: Posting...
[Fri Jul 26 10:07:38 2013]: Successfully posted file
[Fri Jul 26 10:07:38 2013]: Processing /var/lib/cocoon-2.1.11/dh13_abstracts/xml/documents/ab-279.xml
[Fri Jul 26 10:07:39 2013]: Posting...
[Fri Jul 26 10:07:39 2013]: Successfully posted file
[Fri Jul 26 10:07:39 2013]: Processing /var/lib/cocoon-2.1.11/dh13_abstracts/xml/documents/ab-171.xml
[Fri Jul 26 10:07:40 2013]: Posting...
[Fri Jul 26 10:07:41 2013]: Successfully posted file
[Fri Jul 26 10:07:41 2013]: Processing /var/lib/cocoon-2.1.11/dh13_abstracts/xml/documents/ab-206.xml
[Fri Jul 26 10:07:42 2013]: Posting...
[Fri Jul 26 10:07:42 2013]: Successfully posted file
[Fri Jul 26 10:07:42 2013]: Processing /var/lib/cocoon-2.1.11/dh13_abstracts/xml/documents/ab-235.xml
[Fri Jul 26 10:07:43 2013]: Posting...
[Fri Jul 26 10:07:43 2013]: Successfully posted file
[Fri Jul 26 10:07:43 2013]: Processing /var/lib/cocoon-2.1.11/dh13_abstracts/xml/documents/ab-458.xml
[Fri Jul 26 10:07:44 2013]: Posting...
[Fri Jul 26 10:07:44 2013]: Successfully posted file
[Fri Jul 26 10:07:44 2013]: Processing /var/lib/cocoon-2.1.11/dh13_abstracts/xml/documents/ab-222.xml
[Fri Jul 26 10:07:45 2013]: Posting...
[Fri Jul 26 10:07:45 2013]: Successfully posted file
[Fri Jul 26 10:07:45 2013]: Processing /var/lib/cocoon-2.1.11/dh13_abstracts/xml/documents/ab-274.xml
[Fri Jul 26 10:07:46 2013]: Posting...
[Fri Jul 26 10:07:46 2013]: Successfully posted file
[Fri Jul 26 10:07:46 2013]: Processing /var/lib/cocoon-2.1.11/dh13_abstracts/xml/documents/ab-140.xml
[Fri Jul 26 10:07:47 2013]: Posting...
[Fri Jul 26 10:07:47 2013]: Successfully posted file
[Fri Jul 26 10:07:47 2013]: Processing /var/lib/cocoon-2.1.11/dh13_abstracts/xml/documents/plenary-003.xml
[Fri Jul 26 10:07:48 2013]: Posting...
[Fri Jul 26 10:07:48 2013]: Successfully posted file
[Fri Jul 26 10:07:48 2013]: Processing /var/lib/cocoon-2.1.11/dh13_abstracts/xml/documents/ab-265.xml
[Fri Jul 26 10:07:49 2013]: Posting...
[Fri Jul 26 10:07:49 2013]: Successfully posted file
[Fri Jul 26 10:07:49 2013]: Processing /var/lib/cocoon-2.1.11/dh13_abstracts/xml/documents/ab-272.xml
[Fri Jul 26 10:07:50 2013]: Posting...
[Fri Jul 26 10:07:50 2013]: Successfully posted file
[Fri Jul 26 10:07:50 2013]: Processing /var/lib/cocoon-2.1.11/dh13_abstracts/xml/documents/ab-263.xml
[Fri Jul 26 10:07:51 2013]: Posting...
[Fri Jul 26 10:07:51 2013]: Successfully posted file
[Fri Jul 26 10:07:51 2013]: Processing /var/lib/cocoon-2.1.11/dh13_abstracts/xml/documents/ab-412.xml
[Fri Jul 26 10:07:53 2013]: Posting...
[Fri Jul 26 10:07:53 2013]: Successfully posted file
[Fri Jul 26 10:07:53 2013]: Processing /var/lib/cocoon-2.1.11/dh13_abstracts/xml/documents/ab-337.xml
[Fri Jul 26 10:07:54 2013]: Posting...
[Fri Jul 26 10:07:54 2013]: Successfully posted file
[Fri Jul 26 10:07:54 2013]: Processing /var/lib/cocoon-2.1.11/dh13_abstracts/xml/documents/ab-234.xml
[Fri Jul 26 10:07:55 2013]: Posting...
[Fri Jul 26 10:07:55 2013]: Successfully posted file
[Fri Jul 26 10:07:55 2013]: Processing /var/lib/cocoon-2.1.11/dh13_abstracts/xml/documents/ab-186.xml
[Fri Jul 26 10:07:56 2013]: Posting...
[Fri Jul 26 10:07:56 2013]: Successfully posted file
[Fri Jul 26 10:07:56 2013]: Processing /var/lib/cocoon-2.1.11/dh13_abstracts/xml/documents/ab-403.xml
[Fri Jul 26 10:07:57 2013]: Posting...
[Fri Jul 26 10:07:57 2013]: Successfully posted file
[Fri Jul 26 10:07:57 2013]: Processing /var/lib/cocoon-2.1.11/dh13_abstracts/xml/documents/ab-435.xml
[Fri Jul 26 10:07:58 2013]: Posting...
[Fri Jul 26 10:07:58 2013]: Successfully posted file
[Fri Jul 26 10:07:58 2013]: Processing /var/lib/cocoon-2.1.11/dh13_abstracts/xml/documents/ab-231.xml
[Fri Jul 26 10:07:59 2013]: Posting...
[Fri Jul 26 10:07:59 2013]: Successfully posted file
[Fri Jul 26 10:07:59 2013]: Processing /var/lib/cocoon-2.1.11/dh13_abstracts/xml/documents/ab-268.xml
[Fri Jul 26 10:08:00 2013]: Posting...
[Fri Jul 26 10:08:00 2013]: Successfully posted file
[Fri Jul 26 10:08:00 2013]: Processing /var/lib/cocoon-2.1.11/dh13_abstracts/xml/documents/ab-198.xml
[Fri Jul 26 10:08:01 2013]: Posting...
[Fri Jul 26 10:08:01 2013]: Successfully posted file
[Fri Jul 26 10:08:01 2013]: Processing /var/lib/cocoon-2.1.11/dh13_abstracts/xml/documents/ab-108.xml
[Fri Jul 26 10:08:03 2013]: Posting...
[Fri Jul 26 10:08:03 2013]: Successfully posted file
[Fri Jul 26 10:08:03 2013]: Processing /var/lib/cocoon-2.1.11/dh13_abstracts/xml/documents/ab-270.xml
[Fri Jul 26 10:08:04 2013]: Posting...
[Fri Jul 26 10:08:04 2013]: Successfully posted file
[Fri Jul 26 10:08:04 2013]: Processing /var/lib/cocoon-2.1.11/dh13_abstracts/xml/documents/ab-348.xml
[Fri Jul 26 10:08:05 2013]: Posting...
[Fri Jul 26 10:08:05 2013]: Successfully posted file
[Fri Jul 26 10:08:05 2013]: Processing /var/lib/cocoon-2.1.11/dh13_abstracts/xml/documents/ab-315.xml
[Fri Jul 26 10:08:06 2013]: Posting...
[Fri Jul 26 10:08:06 2013]: Successfully posted file
[Fri Jul 26 10:08:06 2013]: Processing /var/lib/cocoon-2.1.11/dh13_abstracts/xml/documents/ab-249.xml
[Fri Jul 26 10:08:07 2013]: Posting...
[Fri Jul 26 10:08:07 2013]: Successfully posted file
[Fri Jul 26 10:08:07 2013]: Processing /var/lib/cocoon-2.1.11/dh13_abstracts/xml/documents/ab-394.xml
[Fri Jul 26 10:08:08 2013]: Posting...
[Fri Jul 26 10:08:08 2013]: Successfully posted file
[Fri Jul 26 10:08:08 2013]: Processing /var/lib/cocoon-2.1.11/dh13_abstracts/xml/documents/ab-124.xml
[Fri Jul 26 10:08:09 2013]: Posting...
[Fri Jul 26 10:08:09 2013]: Successfully posted file
[Fri Jul 26 10:08:09 2013]: Processing /var/lib/cocoon-2.1.11/dh13_abstracts/xml/documents/ab-175.xml
[Fri Jul 26 10:08:10 2013]: Posting...
[Fri Jul 26 10:08:10 2013]: Successfully posted file
[Fri Jul 26 10:08:10 2013]: Processing /var/lib/cocoon-2.1.11/dh13_abstracts/xml/documents/ab-378.xml
[Fri Jul 26 10:08:12 2013]: Posting...
[Fri Jul 26 10:08:12 2013]: Successfully posted file
[Fri Jul 26 10:08:12 2013]: Processing /var/lib/cocoon-2.1.11/dh13_abstracts/xml/documents/ab-297.xml
[Fri Jul 26 10:08:13 2013]: Posting...
[Fri Jul 26 10:08:13 2013]: Successfully posted file
[Fri Jul 26 10:08:13 2013]: Processing /var/lib/cocoon-2.1.11/dh13_abstracts/xml/documents/ab-160.xml
[Fri Jul 26 10:08:14 2013]: Posting...
[Fri Jul 26 10:08:14 2013]: Successfully posted file
[Fri Jul 26 10:08:14 2013]: Processing /var/lib/cocoon-2.1.11/dh13_abstracts/xml/documents/ab-110.xml
[Fri Jul 26 10:08:15 2013]: Posting...
[Fri Jul 26 10:08:15 2013]: Successfully posted file
[Fri Jul 26 10:08:15 2013]: Processing /var/lib/cocoon-2.1.11/dh13_abstracts/xml/documents/ab-133.xml
[Fri Jul 26 10:08:16 2013]: Posting...
[Fri Jul 26 10:08:16 2013]: Successfully posted file
[Fri Jul 26 10:08:16 2013]: Processing /var/lib/cocoon-2.1.11/dh13_abstracts/xml/documents/ab-271.xml
[Fri Jul 26 10:08:17 2013]: Posting...
[Fri Jul 26 10:08:17 2013]: Successfully posted file
[Fri Jul 26 10:08:17 2013]: Processing /var/lib/cocoon-2.1.11/dh13_abstracts/xml/documents/ab-207.xml
[Fri Jul 26 10:08:18 2013]: Posting...
[Fri Jul 26 10:08:18 2013]: Successfully posted file
[Fri Jul 26 10:08:18 2013]: Processing /var/lib/cocoon-2.1.11/dh13_abstracts/xml/documents/ab-376.xml
[Fri Jul 26 10:08:19 2013]: Posting...
[Fri Jul 26 10:08:19 2013]: Successfully posted file
[Fri Jul 26 10:08:19 2013]: Processing /var/lib/cocoon-2.1.11/dh13_abstracts/xml/documents/ab-329.xml
[Fri Jul 26 10:08:20 2013]: Posting...
[Fri Jul 26 10:08:20 2013]: Successfully posted file
[Fri Jul 26 10:08:20 2013]: Processing /var/lib/cocoon-2.1.11/dh13_abstracts/xml/documents/ab-354.xml
[Fri Jul 26 10:08:22 2013]: Posting...
[Fri Jul 26 10:08:22 2013]: Successfully posted file
[Fri Jul 26 10:08:22 2013]: Processing /var/lib/cocoon-2.1.11/dh13_abstracts/xml/documents/ab-223.xml
[Fri Jul 26 10:08:23 2013]: Posting...
[Fri Jul 26 10:08:23 2013]: Successfully posted file
[Fri Jul 26 10:08:23 2013]: Processing /var/lib/cocoon-2.1.11/dh13_abstracts/xml/documents/ab-371.xml
[Fri Jul 26 10:08:24 2013]: Posting...
[Fri Jul 26 10:08:24 2013]: Successfully posted file
[Fri Jul 26 10:08:24 2013]: Processing /var/lib/cocoon-2.1.11/dh13_abstracts/xml/documents/ab-114.xml
[Fri Jul 26 10:08:25 2013]: Posting...
[Fri Jul 26 10:08:25 2013]: Successfully posted file
[Fri Jul 26 10:08:25 2013]: Processing /var/lib/cocoon-2.1.11/dh13_abstracts/xml/documents/ab-254.xml
[Fri Jul 26 10:08:26 2013]: Posting...
[Fri Jul 26 10:08:26 2013]: Successfully posted file
[Fri Jul 26 10:08:26 2013]: Processing /var/lib/cocoon-2.1.11/dh13_abstracts/xml/documents/ab-134.xml
[Fri Jul 26 10:08:27 2013]: Posting...
[Fri Jul 26 10:08:27 2013]: Successfully posted file
[Fri Jul 26 10:08:27 2013]: Processing /var/lib/cocoon-2.1.11/dh13_abstracts/xml/documents/ab-245.xml
[Fri Jul 26 10:08:28 2013]: Posting...
[Fri Jul 26 10:08:28 2013]: Successfully posted file
[Fri Jul 26 10:08:28 2013]: Processing /var/lib/cocoon-2.1.11/dh13_abstracts/xml/documents/ab-346.xml
[Fri Jul 26 10:08:30 2013]: Posting...
[Fri Jul 26 10:08:30 2013]: Successfully posted file
[Fri Jul 26 10:08:30 2013]: Processing /var/lib/cocoon-2.1.11/dh13_abstracts/xml/documents/ab-444.xml
[Fri Jul 26 10:08:31 2013]: Posting...
[Fri Jul 26 10:08:31 2013]: Successfully posted file
[Fri Jul 26 10:08:31 2013]: Processing /var/lib/cocoon-2.1.11/dh13_abstracts/xml/documents/ab-417.xml
[Fri Jul 26 10:08:32 2013]: Posting...
[Fri Jul 26 10:08:32 2013]: Successfully posted file
[Fri Jul 26 10:08:32 2013]: Processing /var/lib/cocoon-2.1.11/dh13_abstracts/xml/documents/ab-422.xml
[Fri Jul 26 10:08:33 2013]: Posting...
[Fri Jul 26 10:08:33 2013]: Successfully posted file
[Fri Jul 26 10:08:33 2013]: Processing /var/lib/cocoon-2.1.11/dh13_abstracts/xml/documents/ab-225.xml
[Fri Jul 26 10:08:34 2013]: Posting...
[Fri Jul 26 10:08:34 2013]: Successfully posted file
[Fri Jul 26 10:08:34 2013]: Processing /var/lib/cocoon-2.1.11/dh13_abstracts/xml/documents/ab-397.xml
[Fri Jul 26 10:08:35 2013]: Posting...
[Fri Jul 26 10:08:35 2013]: Successfully posted file
[Fri Jul 26 10:08:35 2013]: Processing /var/lib/cocoon-2.1.11/dh13_abstracts/xml/documents/ab-409.xml
[Fri Jul 26 10:08:36 2013]: Posting...
[Fri Jul 26 10:08:36 2013]: Successfully posted file
[Fri Jul 26 10:08:36 2013]: Processing /var/lib/cocoon-2.1.11/dh13_abstracts/xml/documents/ab-230.xml
[Fri Jul 26 10:08:37 2013]: Posting...
[Fri Jul 26 10:08:37 2013]: Successfully posted file
[Fri Jul 26 10:08:37 2013]: Processing /var/lib/cocoon-2.1.11/dh13_abstracts/xml/documents/ab-314.xml
[Fri Jul 26 10:08:38 2013]: Posting...
[Fri Jul 26 10:08:38 2013]: Successfully posted file
[Fri Jul 26 10:08:38 2013]: Processing /var/lib/cocoon-2.1.11/dh13_abstracts/xml/documents/ab-264.xml
[Fri Jul 26 10:08:39 2013]: Posting...
[Fri Jul 26 10:08:39 2013]: Successfully posted file
[Fri Jul 26 10:08:39 2013]: Processing /var/lib/cocoon-2.1.11/dh13_abstracts/xml/documents/ab-367.xml
[Fri Jul 26 10:08:41 2013]: Posting...
[Fri Jul 26 10:08:41 2013]: Successfully posted file
[Fri Jul 26 10:08:41 2013]: Processing /var/lib/cocoon-2.1.11/dh13_abstracts/xml/documents/ab-277.xml
[Fri Jul 26 10:08:42 2013]: Posting...
[Fri Jul 26 10:08:42 2013]: Successfully posted file
[Fri Jul 26 10:08:42 2013]: Processing /var/lib/cocoon-2.1.11/dh13_abstracts/xml/documents/ab-300.xml
[Fri Jul 26 10:08:43 2013]: Posting...
[Fri Jul 26 10:08:43 2013]: Successfully posted file
[Fri Jul 26 10:08:43 2013]: Processing /var/lib/cocoon-2.1.11/dh13_abstracts/xml/documents/ab-159.xml
[Fri Jul 26 10:08:44 2013]: Posting...
[Fri Jul 26 10:08:44 2013]: Successfully posted file
[Fri Jul 26 10:08:44 2013]: Processing /var/lib/cocoon-2.1.11/dh13_abstracts/xml/documents/ab-419.xml
[Fri Jul 26 10:08:45 2013]: Posting...
[Fri Jul 26 10:08:45 2013]: Successfully posted file
[Fri Jul 26 10:08:45 2013]: Processing /var/lib/cocoon-2.1.11/dh13_abstracts/xml/documents/ab-163.xml
[Fri Jul 26 10:08:46 2013]: Posting...
[Fri Jul 26 10:08:46 2013]: Successfully posted file
[Fri Jul 26 10:08:46 2013]: Processing /var/lib/cocoon-2.1.11/dh13_abstracts/xml/documents/ab-145.xml
[Fri Jul 26 10:08:47 2013]: Posting...
[Fri Jul 26 10:08:47 2013]: Successfully posted file
[Fri Jul 26 10:08:47 2013]: Processing /var/lib/cocoon-2.1.11/dh13_abstracts/xml/documents/ab-195.xml
[Fri Jul 26 10:08:48 2013]: Posting...
[Fri Jul 26 10:08:48 2013]: Successfully posted file
[Fri Jul 26 10:08:48 2013]: Processing /var/lib/cocoon-2.1.11/dh13_abstracts/xml/documents/ab-257.xml
[Fri Jul 26 10:08:49 2013]: Posting...
[Fri Jul 26 10:08:49 2013]: Successfully posted file
[Fri Jul 26 10:08:49 2013]: Processing /var/lib/cocoon-2.1.11/dh13_abstracts/xml/documents/ab-142.xml
[Fri Jul 26 10:08:50 2013]: Posting...
[Fri Jul 26 10:08:50 2013]: Successfully posted file
[Fri Jul 26 10:08:50 2013]: Processing /var/lib/cocoon-2.1.11/dh13_abstracts/xml/documents/ab-405.xml
[Fri Jul 26 10:08:52 2013]: Posting...
[Fri Jul 26 10:08:52 2013]: Successfully posted file
[Fri Jul 26 10:08:52 2013]: Processing /var/lib/cocoon-2.1.11/dh13_abstracts/xml/documents/ab-221.xml
[Fri Jul 26 10:08:53 2013]: Posting...
[Fri Jul 26 10:08:53 2013]: Successfully posted file
[Fri Jul 26 10:08:53 2013]: Processing /var/lib/cocoon-2.1.11/dh13_abstracts/xml/documents/ab-246.xml
[Fri Jul 26 10:08:54 2013]: Posting...
[Fri Jul 26 10:08:54 2013]: Successfully posted file
[Fri Jul 26 10:08:54 2013]: Processing /var/lib/cocoon-2.1.11/dh13_abstracts/xml/documents/ab-283.xml
[Fri Jul 26 10:08:55 2013]: Posting...
[Fri Jul 26 10:08:55 2013]: Successfully posted file
[Fri Jul 26 10:08:55 2013]: Processing /var/lib/cocoon-2.1.11/dh13_abstracts/xml/documents/ab-443.xml
[Fri Jul 26 10:08:56 2013]: Posting...
[Fri Jul 26 10:08:56 2013]: Successfully posted file
[Fri Jul 26 10:08:56 2013]: Processing /var/lib/cocoon-2.1.11/dh13_abstracts/xml/documents/ab-143.xml
[Fri Jul 26 10:08:57 2013]: Posting...
[Fri Jul 26 10:08:57 2013]: Successfully posted file
[Fri Jul 26 10:08:57 2013]: Processing /var/lib/cocoon-2.1.11/dh13_abstracts/xml/documents/ab-139.xml
[Fri Jul 26 10:08:58 2013]: Posting...
[Fri Jul 26 10:08:58 2013]: Successfully posted file
[Fri Jul 26 10:08:58 2013]: Processing /var/lib/cocoon-2.1.11/dh13_abstracts/xml/documents/ab-239.xml
[Fri Jul 26 10:08:59 2013]: Posting...
[Fri Jul 26 10:08:59 2013]: Successfully posted file
[Fri Jul 26 10:08:59 2013]: Processing /var/lib/cocoon-2.1.11/dh13_abstracts/xml/documents/ab-241.xml
[Fri Jul 26 10:09:00 2013]: Posting...
[Fri Jul 26 10:09:00 2013]: Successfully posted file
[Fri Jul 26 10:09:00 2013]: Processing /var/lib/cocoon-2.1.11/dh13_abstracts/xml/documents/workshops-002.xml
[Fri Jul 26 10:09:01 2013]: Posting...
[Fri Jul 26 10:09:01 2013]: Successfully posted file
[Fri Jul 26 10:09:01 2013]: Processing /var/lib/cocoon-2.1.11/dh13_abstracts/xml/documents/ab-260.xml
[Fri Jul 26 10:09:02 2013]: Posting...
[Fri Jul 26 10:09:02 2013]: Successfully posted file
[Fri Jul 26 10:09:02 2013]: Processing /var/lib/cocoon-2.1.11/dh13_abstracts/xml/documents/ab-121.xml
[Fri Jul 26 10:09:03 2013]: Posting...
[Fri Jul 26 10:09:03 2013]: Successfully posted file
[Fri Jul 26 10:09:03 2013]: Processing /var/lib/cocoon-2.1.11/dh13_abstracts/xml/documents/ab-266.xml
[Fri Jul 26 10:09:04 2013]: Posting...
[Fri Jul 26 10:09:04 2013]: Successfully posted file
[Fri Jul 26 10:09:04 2013]: Processing /var/lib/cocoon-2.1.11/dh13_abstracts/xml/documents/ab-233.xml
[Fri Jul 26 10:09:06 2013]: Posting...
[Fri Jul 26 10:09:06 2013]: Successfully posted file
[Fri Jul 26 10:09:06 2013]: Processing /var/lib/cocoon-2.1.11/dh13_abstracts/xml/documents/ab-177.xml
[Fri Jul 26 10:09:07 2013]: Posting...
[Fri Jul 26 10:09:07 2013]: Successfully posted file
[Fri Jul 26 10:09:07 2013]: Processing /var/lib/cocoon-2.1.11/dh13_abstracts/xml/documents/ab-117.xml
[Fri Jul 26 10:09:08 2013]: Posting...
[Fri Jul 26 10:09:08 2013]: Successfully posted file
[Fri Jul 26 10:09:08 2013]: Processing /var/lib/cocoon-2.1.11/dh13_abstracts/xml/documents/ab-182.xml
[Fri Jul 26 10:09:09 2013]: Posting...
[Fri Jul 26 10:09:09 2013]: Successfully posted file
[Fri Jul 26 10:09:09 2013]: Processing /var/lib/cocoon-2.1.11/dh13_abstracts/xml/documents/ab-296.xml
[Fri Jul 26 10:09:10 2013]: Posting...
[Fri Jul 26 10:09:10 2013]: Successfully posted file
[Fri Jul 26 10:09:10 2013]: Processing /var/lib/cocoon-2.1.11/dh13_abstracts/xml/documents/ab-360.xml
[Fri Jul 26 10:09:11 2013]: Posting...
[Fri Jul 26 10:09:11 2013]: Successfully posted file
[Fri Jul 26 10:09:11 2013]: Processing /var/lib/cocoon-2.1.11/dh13_abstracts/xml/documents/ab-320.xml
[Fri Jul 26 10:09:12 2013]: Posting...
[Fri Jul 26 10:09:12 2013]: Successfully posted file
[Fri Jul 26 10:09:12 2013]: Processing /var/lib/cocoon-2.1.11/dh13_abstracts/xml/documents/ab-202.xml
[Fri Jul 26 10:09:13 2013]: Posting...
[Fri Jul 26 10:09:13 2013]: Successfully posted file
[Fri Jul 26 10:09:13 2013]: Processing /var/lib/cocoon-2.1.11/dh13_abstracts/xml/documents/ab-236.xml
[Fri Jul 26 10:09:14 2013]: Posting...
[Fri Jul 26 10:09:14 2013]: Successfully posted file
[Fri Jul 26 10:09:14 2013]: Processing /var/lib/cocoon-2.1.11/dh13_abstracts/xml/documents/ab-339.xml
[Fri Jul 26 10:09:15 2013]: Posting...
[Fri Jul 26 10:09:15 2013]: Successfully posted file
[Fri Jul 26 10:09:15 2013]: Processing /var/lib/cocoon-2.1.11/dh13_abstracts/xml/documents/ab-363.xml
[Fri Jul 26 10:09:16 2013]: Posting...
[Fri Jul 26 10:09:16 2013]: Successfully posted file
[Fri Jul 26 10:09:16 2013]: Processing /var/lib/cocoon-2.1.11/dh13_abstracts/xml/documents/ab-201.xml
[Fri Jul 26 10:09:17 2013]: Posting...
[Fri Jul 26 10:09:17 2013]: Successfully posted file
[Fri Jul 26 10:09:17 2013]: Processing /var/lib/cocoon-2.1.11/dh13_abstracts/xml/documents/ab-165.xml
[Fri Jul 26 10:09:19 2013]: Posting...
[Fri Jul 26 10:09:19 2013]: Successfully posted file
[Fri Jul 26 10:09:19 2013]: Processing /var/lib/cocoon-2.1.11/dh13_abstracts/xml/documents/plenary-001.xml
[Fri Jul 26 10:09:20 2013]: Posting...
[Fri Jul 26 10:09:20 2013]: Successfully posted file
[Fri Jul 26 10:09:20 2013]: Processing /var/lib/cocoon-2.1.11/dh13_abstracts/xml/documents/ab-252.xml
[Fri Jul 26 10:09:21 2013]: Posting...
[Fri Jul 26 10:09:21 2013]: Successfully posted file
[Fri Jul 26 10:09:21 2013]: Processing /var/lib/cocoon-2.1.11/dh13_abstracts/xml/documents/ab-273.xml
[Fri Jul 26 10:09:22 2013]: Posting...
[Fri Jul 26 10:09:22 2013]: Successfully posted file
[Fri Jul 26 10:09:22 2013]: Processing /var/lib/cocoon-2.1.11/dh13_abstracts/xml/documents/ab-341.xml
[Fri Jul 26 10:09:23 2013]: Posting...
[Fri Jul 26 10:09:23 2013]: Successfully posted file
[Fri Jul 26 10:09:23 2013]: Processing /var/lib/cocoon-2.1.11/dh13_abstracts/xml/documents/ab-137.xml
[Fri Jul 26 10:09:24 2013]: Posting...
[Fri Jul 26 10:09:24 2013]: Successfully posted file
[Fri Jul 26 10:09:24 2013]: Processing /var/lib/cocoon-2.1.11/dh13_abstracts/xml/documents/ab-359.xml
[Fri Jul 26 10:09:25 2013]: Posting...
[Fri Jul 26 10:09:25 2013]: Successfully posted file
[Fri Jul 26 10:09:25 2013]: Processing /var/lib/cocoon-2.1.11/dh13_abstracts/xml/documents/workshops-001.xml
[Fri Jul 26 10:09:26 2013]: Posting...
[Fri Jul 26 10:09:26 2013]: Successfully posted file
[Fri Jul 26 10:09:26 2013]: Processing /var/lib/cocoon-2.1.11/dh13_abstracts/xml/documents/ab-200.xml
[Fri Jul 26 10:09:27 2013]: Posting...
[Fri Jul 26 10:09:27 2013]: Successfully posted file
[Fri Jul 26 10:09:27 2013]: Processing /var/lib/cocoon-2.1.11/dh13_abstracts/xml/documents/ab-135.xml
[Fri Jul 26 10:09:28 2013]: Posting...
[Fri Jul 26 10:09:28 2013]: Successfully posted file
[Fri Jul 26 10:09:28 2013]: Processing /var/lib/cocoon-2.1.11/dh13_abstracts/xml/documents/ab-243.xml
[Fri Jul 26 10:09:29 2013]: Posting...
[Fri Jul 26 10:09:29 2013]: Successfully posted file
[Fri Jul 26 10:09:29 2013]: Processing /var/lib/cocoon-2.1.11/dh13_abstracts/xml/documents/ab-184.xml
[Fri Jul 26 10:09:30 2013]: Posting...
[Fri Jul 26 10:09:30 2013]: Successfully posted file
[Fri Jul 26 10:09:30 2013]: Processing /var/lib/cocoon-2.1.11/dh13_abstracts/xml/documents/ab-317.xml
[Fri Jul 26 10:09:31 2013]: Posting...
[Fri Jul 26 10:09:31 2013]: Successfully posted file
[Fri Jul 26 10:09:31 2013]: Processing /var/lib/cocoon-2.1.11/dh13_abstracts/xml/documents/ab-269.xml
[Fri Jul 26 10:09:33 2013]: Posting...
[Fri Jul 26 10:09:33 2013]: Successfully posted file
[Fri Jul 26 10:09:33 2013]: Processing /var/lib/cocoon-2.1.11/dh13_abstracts/xml/documents/ab-276.xml
[Fri Jul 26 10:09:34 2013]: Posting...
[Fri Jul 26 10:09:34 2013]: Successfully posted file
[Fri Jul 26 10:09:34 2013]: Processing /var/lib/cocoon-2.1.11/dh13_abstracts/xml/documents/ab-425.xml
[Fri Jul 26 10:09:35 2013]: Posting...
[Fri Jul 26 10:09:35 2013]: Successfully posted file
[Fri Jul 26 10:09:35 2013]: Processing /var/lib/cocoon-2.1.11/dh13_abstracts/xml/documents/ab-161.xml
[Fri Jul 26 10:09:36 2013]: Posting...
[Fri Jul 26 10:09:36 2013]: Successfully posted file
[Fri Jul 26 10:09:36 2013]: Processing /var/lib/cocoon-2.1.11/dh13_abstracts/xml/documents/ab-150.xml
[Fri Jul 26 10:09:37 2013]: Posting...
[Fri Jul 26 10:09:37 2013]: Successfully posted file
[Fri Jul 26 10:09:37 2013]: Processing /var/lib/cocoon-2.1.11/dh13_abstracts/xml/documents/ab-248.xml
[Fri Jul 26 10:09:38 2013]: Posting...
[Fri Jul 26 10:09:38 2013]: Successfully posted file
[Fri Jul 26 10:09:38 2013]: Processing /var/lib/cocoon-2.1.11/dh13_abstracts/xml/documents/ab-399.xml
[Fri Jul 26 10:09:39 2013]: Posting...
[Fri Jul 26 10:09:39 2013]: Successfully posted file
[Fri Jul 26 10:09:39 2013]: Processing /var/lib/cocoon-2.1.11/dh13_abstracts/xml/documents/ab-352.xml
[Fri Jul 26 10:09:40 2013]: Posting...
[Fri Jul 26 10:09:40 2013]: Successfully posted file
[Fri Jul 26 10:09:40 2013]: Processing /var/lib/cocoon-2.1.11/dh13_abstracts/xml/documents/ab-460.xml
[Fri Jul 26 10:09:41 2013]: Posting...
[Fri Jul 26 10:09:41 2013]: Successfully posted file
[Fri Jul 26 10:09:41 2013]: Processing /var/lib/cocoon-2.1.11/dh13_abstracts/xml/documents/ab-178.xml
[Fri Jul 26 10:09:42 2013]: Posting...
[Fri Jul 26 10:09:42 2013]: Successfully posted file
[Fri Jul 26 10:09:42 2013]: Processing /var/lib/cocoon-2.1.11/dh13_abstracts/xml/documents/ab-147.xml
[Fri Jul 26 10:09:43 2013]: Posting...
[Fri Jul 26 10:09:43 2013]: Successfully posted file
[Fri Jul 26 10:09:43 2013]: Processing /var/lib/cocoon-2.1.11/dh13_abstracts/xml/documents/ab-112.xml
[Fri Jul 26 10:09:45 2013]: Posting...
[Fri Jul 26 10:09:45 2013]: Successfully posted file
[Fri Jul 26 10:09:45 2013]: Processing /var/lib/cocoon-2.1.11/dh13_abstracts/xml/documents/workshops-009.xml
[Fri Jul 26 10:09:46 2013]: Posting...
[Fri Jul 26 10:09:46 2013]: Successfully posted file
[Fri Jul 26 10:09:46 2013]: Processing /var/lib/cocoon-2.1.11/dh13_abstracts/xml/documents/ab-215.xml
[Fri Jul 26 10:09:47 2013]: Posting...
[Fri Jul 26 10:09:47 2013]: Successfully posted file
[Fri Jul 26 10:09:47 2013]: Processing /var/lib/cocoon-2.1.11/dh13_abstracts/xml/documents/ab-250.xml
[Fri Jul 26 10:09:48 2013]: Posting...
[Fri Jul 26 10:09:48 2013]: Successfully posted file
[Fri Jul 26 10:09:48 2013]: Processing /var/lib/cocoon-2.1.11/dh13_abstracts/xml/documents/ab-303.xml
[Fri Jul 26 10:09:49 2013]: Posting...
[Fri Jul 26 10:09:49 2013]: Successfully posted file
[Fri Jul 26 10:09:49 2013]: Processing /var/lib/cocoon-2.1.11/dh13_abstracts/xml/documents/ab-338.xml
[Fri Jul 26 10:09:50 2013]: Posting...
[Fri Jul 26 10:09:50 2013]: Successfully posted file
[Fri Jul 26 10:09:50 2013]: Processing /var/lib/cocoon-2.1.11/dh13_abstracts/xml/documents/ab-336.xml
[Fri Jul 26 10:09:51 2013]: Posting...
[Fri Jul 26 10:09:51 2013]: Successfully posted file
[Fri Jul 26 10:09:51 2013]: Processing /var/lib/cocoon-2.1.11/dh13_abstracts/xml/documents/ab-381.xml
[Fri Jul 26 10:09:52 2013]: Posting...
[Fri Jul 26 10:09:52 2013]: Successfully posted file
[Fri Jul 26 10:09:52 2013]: Processing /var/lib/cocoon-2.1.11/dh13_abstracts/xml/documents/ab-180.xml
[Fri Jul 26 10:09:53 2013]: Posting...
[Fri Jul 26 10:09:53 2013]: Successfully posted file
[Fri Jul 26 10:09:53 2013]: Processing /var/lib/cocoon-2.1.11/dh13_abstracts/xml/documents/ab-127.xml
[Fri Jul 26 10:09:54 2013]: Posting...
[Fri Jul 26 10:09:54 2013]: Successfully posted file
[Fri Jul 26 10:09:54 2013]: Processing /var/lib/cocoon-2.1.11/dh13_abstracts/xml/documents/ab-370.xml
[Fri Jul 26 10:09:56 2013]: Posting...
[Fri Jul 26 10:09:56 2013]: Successfully posted file
[Fri Jul 26 10:09:56 2013]: Processing /var/lib/cocoon-2.1.11/dh13_abstracts/xml/documents/ab-413.xml
[Fri Jul 26 10:09:57 2013]: Posting...
[Fri Jul 26 10:09:57 2013]: Successfully posted file
[Fri Jul 26 10:09:57 2013]: Processing /var/lib/cocoon-2.1.11/dh13_abstracts/xml/documents/ab-445.xml
[Fri Jul 26 10:09:58 2013]: Posting...
[Fri Jul 26 10:09:58 2013]: Successfully posted file
[Fri Jul 26 10:09:58 2013]: Processing /var/lib/cocoon-2.1.11/dh13_abstracts/xml/documents/ab-169.xml
[Fri Jul 26 10:09:59 2013]: Posting...
[Fri Jul 26 10:09:59 2013]: Successfully posted file
[Fri Jul 26 10:09:59 2013]: Processing /var/lib/cocoon-2.1.11/dh13_abstracts/xml/documents/ab-331.xml
[Fri Jul 26 10:10:00 2013]: Posting...
[Fri Jul 26 10:10:00 2013]: Successfully posted file
[Fri Jul 26 10:10:00 2013]: Processing /var/lib/cocoon-2.1.11/dh13_abstracts/xml/documents/workshops-005.xml
[Fri Jul 26 10:10:01 2013]: Posting...
[Fri Jul 26 10:10:01 2013]: Successfully posted file
[Fri Jul 26 10:10:01 2013]: Processing /var/lib/cocoon-2.1.11/dh13_abstracts/xml/documents/ab-431.xml
[Fri Jul 26 10:10:02 2013]: Posting...
[Fri Jul 26 10:10:02 2013]: Successfully posted file
[Fri Jul 26 10:10:02 2013]: Processing /var/lib/cocoon-2.1.11/dh13_abstracts/xml/documents/ab-154.xml
[Fri Jul 26 10:10:03 2013]: Posting...
[Fri Jul 26 10:10:03 2013]: Successfully posted file
[Fri Jul 26 10:10:03 2013]: Processing /var/lib/cocoon-2.1.11/dh13_abstracts/xml/documents/ab-434.xml
[Fri Jul 26 10:10:04 2013]: Posting...
[Fri Jul 26 10:10:04 2013]: Successfully posted file
[Fri Jul 26 10:10:04 2013]: Processing /var/lib/cocoon-2.1.11/dh13_abstracts/xml/documents/ab-301.xml
[Fri Jul 26 10:10:06 2013]: Posting...
[Fri Jul 26 10:10:06 2013]: Successfully posted file
[Fri Jul 26 10:10:06 2013]: Processing /var/lib/cocoon-2.1.11/dh13_abstracts/xml/documents/ab-424.xml
[Fri Jul 26 10:10:07 2013]: Posting...
[Fri Jul 26 10:10:07 2013]: Successfully posted file
[Fri Jul 26 10:10:07 2013]: Processing /var/lib/cocoon-2.1.11/dh13_abstracts/xml/documents/ab-299.xml
[Fri Jul 26 10:10:08 2013]: Posting...
[Fri Jul 26 10:10:08 2013]: Successfully posted file
[Fri Jul 26 10:10:08 2013]: Processing /var/lib/cocoon-2.1.11/dh13_abstracts/xml/documents/ab-440.xml
[Fri Jul 26 10:10:09 2013]: Posting...
[Fri Jul 26 10:10:09 2013]: Successfully posted file
[Fri Jul 26 10:10:09 2013]: Processing /var/lib/cocoon-2.1.11/dh13_abstracts/xml/documents/ab-253.xml
[Fri Jul 26 10:10:10 2013]: Posting...
[Fri Jul 26 10:10:10 2013]: Successfully posted file
[Fri Jul 26 10:10:10 2013]: Processing /var/lib/cocoon-2.1.11/dh13_abstracts/xml/documents/ab-456.xml
[Fri Jul 26 10:10:11 2013]: Posting...
[Fri Jul 26 10:10:11 2013]: Successfully posted file
[Fri Jul 26 10:10:11 2013]: Processing /var/lib/cocoon-2.1.11/dh13_abstracts/xml/documents/ab-151.xml
[Fri Jul 26 10:10:12 2013]: Posting...
[Fri Jul 26 10:10:12 2013]: Successfully posted file
[Fri Jul 26 10:10:12 2013]: Processing /var/lib/cocoon-2.1.11/dh13_abstracts/xml/documents/workshops-012.xml
[Fri Jul 26 10:10:13 2013]: Posting...
[Fri Jul 26 10:10:13 2013]: Successfully posted file
[Fri Jul 26 10:10:13 2013]: Processing /var/lib/cocoon-2.1.11/dh13_abstracts/xml/documents/ab-426.xml
[Fri Jul 26 10:10:14 2013]: Posting...
[Fri Jul 26 10:10:14 2013]: Successfully posted file
[Fri Jul 26 10:10:14 2013]: Processing /var/lib/cocoon-2.1.11/dh13_abstracts/xml/documents/ab-319.xml
[Fri Jul 26 10:10:15 2013]: Posting...
[Fri Jul 26 10:10:15 2013]: Successfully posted file
[Fri Jul 26 10:10:15 2013]: Processing /var/lib/cocoon-2.1.11/dh13_abstracts/xml/documents/ab-427.xml
[Fri Jul 26 10:10:17 2013]: Posting...
[Fri Jul 26 10:10:17 2013]: Successfully posted file
[Fri Jul 26 10:10:17 2013]: Processing /var/lib/cocoon-2.1.11/dh13_abstracts/xml/documents/workshops-004.xml
[Fri Jul 26 10:10:18 2013]: Posting...
[Fri Jul 26 10:10:18 2013]: Successfully posted file
[Fri Jul 26 10:10:18 2013]: Processing /var/lib/cocoon-2.1.11/dh13_abstracts/xml/documents/ab-423.xml
[Fri Jul 26 10:10:19 2013]: Posting...
[Fri Jul 26 10:10:19 2013]: Successfully posted file
[Fri Jul 26 10:10:19 2013]: Processing /var/lib/cocoon-2.1.11/dh13_abstracts/xml/documents/ab-187.xml
[Fri Jul 26 10:10:20 2013]: Posting...
[Fri Jul 26 10:10:20 2013]: Successfully posted file
[Fri Jul 26 10:10:20 2013]: Processing /var/lib/cocoon-2.1.11/dh13_abstracts/xml/documents/ab-358.xml
[Fri Jul 26 10:10:21 2013]: Posting...
[Fri Jul 26 10:10:21 2013]: Successfully posted file
[Fri Jul 26 10:10:21 2013]: Processing /var/lib/cocoon-2.1.11/dh13_abstracts/xml/documents/ab-410.xml
[Fri Jul 26 10:10:22 2013]: Posting...
[Fri Jul 26 10:10:22 2013]: Successfully posted file
[Fri Jul 26 10:10:22 2013]: Processing /var/lib/cocoon-2.1.11/dh13_abstracts/xml/documents/ab-364.xml
[Fri Jul 26 10:10:23 2013]: Posting...
[Fri Jul 26 10:10:23 2013]: Successfully posted file
[Fri Jul 26 10:10:23 2013]: Processing /var/lib/cocoon-2.1.11/dh13_abstracts/xml/documents/ab-332.xml
[Fri Jul 26 10:10:24 2013]: Posting...
[Fri Jul 26 10:10:24 2013]: Successfully posted file
[Fri Jul 26 10:10:24 2013]: Processing /var/lib/cocoon-2.1.11/dh13_abstracts/xml/documents/ab-350.xml
[Fri Jul 26 10:10:25 2013]: Posting...
[Fri Jul 26 10:10:25 2013]: Successfully posted file
[Fri Jul 26 10:10:25 2013]: Processing /var/lib/cocoon-2.1.11/dh13_abstracts/xml/documents/ab-292.xml
[Fri Jul 26 10:10:26 2013]: Posting...
[Fri Jul 26 10:10:26 2013]: Successfully posted file
[Fri Jul 26 10:10:26 2013]: Processing /var/lib/cocoon-2.1.11/dh13_abstracts/xml/documents/ab-131.xml
[Fri Jul 26 10:10:28 2013]: Posting...
[Fri Jul 26 10:10:28 2013]: Successfully posted file
[Fri Jul 26 10:10:28 2013]: Processing /var/lib/cocoon-2.1.11/dh13_abstracts/xml/documents/ab-208.xml
[Fri Jul 26 10:10:29 2013]: Posting...
[Fri Jul 26 10:10:29 2013]: Successfully posted file
[Fri Jul 26 10:10:29 2013]: Processing /var/lib/cocoon-2.1.11/dh13_abstracts/xml/documents/ab-334.xml
[Fri Jul 26 10:10:30 2013]: Posting...
[Fri Jul 26 10:10:30 2013]: Successfully posted file
[Fri Jul 26 10:10:30 2013]: Processing /var/lib/cocoon-2.1.11/dh13_abstracts/xml/documents/ab-162.xml
[Fri Jul 26 10:10:31 2013]: Posting...
[Fri Jul 26 10:10:31 2013]: Successfully posted file
[Fri Jul 26 10:10:31 2013]: Processing /var/lib/cocoon-2.1.11/dh13_abstracts/xml/documents/ab-190.xml
[Fri Jul 26 10:10:32 2013]: Posting...
[Fri Jul 26 10:10:32 2013]: Successfully posted file
[Fri Jul 26 10:10:32 2013]: Processing /var/lib/cocoon-2.1.11/dh13_abstracts/xml/documents/ab-192.xml
[Fri Jul 26 10:10:33 2013]: Posting...
[Fri Jul 26 10:10:33 2013]: Successfully posted file
[Fri Jul 26 10:10:33 2013]: Processing /var/lib/cocoon-2.1.11/dh13_abstracts/xml/documents/ab-194.xml
[Fri Jul 26 10:10:34 2013]: Posting...
[Fri Jul 26 10:10:34 2013]: Successfully posted file
[Fri Jul 26 10:10:34 2013]: Processing /var/lib/cocoon-2.1.11/dh13_abstracts/xml/documents/ab-173.xml
[Fri Jul 26 10:10:35 2013]: Posting...
[Fri Jul 26 10:10:35 2013]: Successfully posted file
[Fri Jul 26 10:10:35 2013]: Processing /var/lib/cocoon-2.1.11/dh13_abstracts/xml/documents/workshops-013.xml
[Fri Jul 26 10:10:36 2013]: Posting...
[Fri Jul 26 10:10:36 2013]: Successfully posted file
[Fri Jul 26 10:10:36 2013]: Processing /var/lib/cocoon-2.1.11/dh13_abstracts/xml/documents/ab-286.xml
[Fri Jul 26 10:10:37 2013]: Posting...
[Fri Jul 26 10:10:37 2013]: Successfully posted file
[Fri Jul 26 10:10:37 2013]: Processing /var/lib/cocoon-2.1.11/dh13_abstracts/xml/documents/ab-227.xml
[Fri Jul 26 10:10:39 2013]: Posting...
[Fri Jul 26 10:10:39 2013]: Successfully posted file
[Fri Jul 26 10:10:39 2013]: Processing /var/lib/cocoon-2.1.11/dh13_abstracts/xml/documents/ab-261.xml
[Fri Jul 26 10:10:40 2013]: Posting...
[Fri Jul 26 10:10:40 2013]: Successfully posted file
[Fri Jul 26 10:10:40 2013]: Processing /var/lib/cocoon-2.1.11/dh13_abstracts/xml/documents/ab-214.xml
[Fri Jul 26 10:10:41 2013]: Posting...
[Fri Jul 26 10:10:41 2013]: Successfully posted file
[Fri Jul 26 10:10:41 2013]: Processing /var/lib/cocoon-2.1.11/dh13_abstracts/xml/documents/ab-391.xml
[Fri Jul 26 10:10:42 2013]: Posting...
[Fri Jul 26 10:10:42 2013]: Successfully posted file
[Fri Jul 26 10:10:42 2013]: Processing /var/lib/cocoon-2.1.11/dh13_abstracts/xml/documents/ab-377.xml
[Fri Jul 26 10:10:43 2013]: Posting...
[Fri Jul 26 10:10:43 2013]: Successfully posted file
[Fri Jul 26 10:10:43 2013]: Processing /var/lib/cocoon-2.1.11/dh13_abstracts/xml/documents/ab-155.xml
[Fri Jul 26 10:10:44 2013]: Posting...
[Fri Jul 26 10:10:44 2013]: Successfully posted file
[Fri Jul 26 10:10:44 2013]: Processing /var/lib/cocoon-2.1.11/dh13_abstracts/xml/documents/workshops-008.xml
[Fri Jul 26 10:10:45 2013]: Posting...
[Fri Jul 26 10:10:45 2013]: Successfully posted file
[Fri Jul 26 10:10:45 2013]: Processing /var/lib/cocoon-2.1.11/dh13_abstracts/xml/documents/ab-379.xml
[Fri Jul 26 10:10:46 2013]: Posting...
[Fri Jul 26 10:10:46 2013]: Successfully posted file
[Fri Jul 26 10:10:46 2013]: Processing /var/lib/cocoon-2.1.11/dh13_abstracts/xml/documents/ab-324.xml
[Fri Jul 26 10:10:47 2013]: Posting...
[Fri Jul 26 10:10:47 2013]: Successfully posted file
[Fri Jul 26 10:10:47 2013]: Processing /var/lib/cocoon-2.1.11/dh13_abstracts/xml/documents/ab-342.xml
[Fri Jul 26 10:10:49 2013]: Posting...
[Fri Jul 26 10:10:49 2013]: Successfully posted file
[Fri Jul 26 10:10:49 2013]: Processing /var/lib/cocoon-2.1.11/dh13_abstracts/xml/documents/ab-285.xml
[Fri Jul 26 10:10:50 2013]: Posting...
[Fri Jul 26 10:10:50 2013]: Successfully posted file
[Fri Jul 26 10:10:50 2013]: Processing /var/lib/cocoon-2.1.11/dh13_abstracts/xml/documents/ab-106.xml
[Fri Jul 26 10:10:51 2013]: Posting...
[Fri Jul 26 10:10:51 2013]: Successfully posted file
[Fri Jul 26 10:10:51 2013]: Processing /var/lib/cocoon-2.1.11/dh13_abstracts/xml/documents/ab-226.xml
[Fri Jul 26 10:10:52 2013]: Posting...
[Fri Jul 26 10:10:52 2013]: Successfully posted file
[Fri Jul 26 10:10:52 2013]: Processing /var/lib/cocoon-2.1.11/dh13_abstracts/xml/documents/ab-118.xml
[Fri Jul 26 10:10:53 2013]: Posting...
[Fri Jul 26 10:10:53 2013]: Successfully posted file
[Fri Jul 26 10:10:53 2013]: Processing /var/lib/cocoon-2.1.11/dh13_abstracts/xml/documents/ab-416.xml
[Fri Jul 26 10:10:54 2013]: Posting...
[Fri Jul 26 10:10:54 2013]: Successfully posted file
[Fri Jul 26 10:10:54 2013]: Processing /var/lib/cocoon-2.1.11/dh13_abstracts/xml/documents/ab-368.xml
[Fri Jul 26 10:10:55 2013]: Posting...
[Fri Jul 26 10:10:55 2013]: Successfully posted file
[Fri Jul 26 10:10:55 2013]: Processing /var/lib/cocoon-2.1.11/dh13_abstracts/xml/documents/ab-255.xml
[Fri Jul 26 10:10:56 2013]: Posting...
[Fri Jul 26 10:10:56 2013]: Successfully posted file
[Fri Jul 26 10:10:56 2013]: Processing /var/lib/cocoon-2.1.11/dh13_abstracts/xml/documents/ab-357.xml
[Fri Jul 26 10:10:57 2013]: Posting...
[Fri Jul 26 10:10:57 2013]: Successfully posted file
[Fri Jul 26 10:10:57 2013]: Processing /var/lib/cocoon-2.1.11/dh13_abstracts/xml/documents/ab-136.xml
[Fri Jul 26 10:10:58 2013]: Posting...
[Fri Jul 26 10:10:58 2013]: Successfully posted file
[Fri Jul 26 10:10:58 2013]: Processing /var/lib/cocoon-2.1.11/dh13_abstracts/xml/documents/ab-321.xml
[Fri Jul 26 10:10:59 2013]: Posting...
[Fri Jul 26 10:10:59 2013]: Successfully posted file
[Fri Jul 26 10:10:59 2013]: Processing /var/lib/cocoon-2.1.11/dh13_abstracts/xml/documents/ab-158.xml
[Fri Jul 26 10:11:01 2013]: Posting...
[Fri Jul 26 10:11:01 2013]: Successfully posted file
[Fri Jul 26 10:11:01 2013]: Processing /var/lib/cocoon-2.1.11/dh13_abstracts/xml/documents/ab-149.xml
[Fri Jul 26 10:11:02 2013]: Posting...
[Fri Jul 26 10:11:02 2013]: Successfully posted file
[Fri Jul 26 10:11:02 2013]: Processing /var/lib/cocoon-2.1.11/dh13_abstracts/xml/documents/workshops-014.xml
[Fri Jul 26 10:11:03 2013]: Posting...
[Fri Jul 26 10:11:03 2013]: Successfully posted file
[Fri Jul 26 10:11:03 2013]: Processing /var/lib/cocoon-2.1.11/dh13_abstracts/xml/documents/ab-295.xml
[Fri Jul 26 10:11:04 2013]: Posting...
[Fri Jul 26 10:11:04 2013]: Successfully posted file
[Fri Jul 26 10:11:04 2013]: Processing /var/lib/cocoon-2.1.11/dh13_abstracts/xml/documents/ab-122.xml
[Fri Jul 26 10:11:05 2013]: Posting...
[Fri Jul 26 10:11:05 2013]: Successfully posted file
[Fri Jul 26 10:11:05 2013]: Processing /var/lib/cocoon-2.1.11/dh13_abstracts/xml/documents/ab-188.xml
[Fri Jul 26 10:11:06 2013]: Posting...
[Fri Jul 26 10:11:06 2013]: Successfully posted file
[Fri Jul 26 10:11:06 2013]: Processing /var/lib/cocoon-2.1.11/dh13_abstracts/xml/documents/ab-174.xml
[Fri Jul 26 10:11:07 2013]: Posting...
[Fri Jul 26 10:11:07 2013]: Successfully posted file
[Fri Jul 26 10:11:07 2013]: Processing /var/lib/cocoon-2.1.11/dh13_abstracts/xml/documents/ab-205.xml
[Fri Jul 26 10:11:08 2013]: Posting...
[Fri Jul 26 10:11:08 2013]: Successfully posted file
[Fri Jul 26 10:11:08 2013]: Processing /var/lib/cocoon-2.1.11/dh13_abstracts/xml/documents/ab-217.xml
[Fri Jul 26 10:11:09 2013]: Posting...
[Fri Jul 26 10:11:09 2013]: Successfully posted file
[Fri Jul 26 10:11:09 2013]: Processing /var/lib/cocoon-2.1.11/dh13_abstracts/xml/documents/ab-229.xml
[Fri Jul 26 10:11:10 2013]: Posting...
[Fri Jul 26 10:11:10 2013]: Successfully posted file
[Fri Jul 26 10:11:10 2013]: Processing /var/lib/cocoon-2.1.11/dh13_abstracts/xml/documents/ab-438.xml
[Fri Jul 26 10:11:11 2013]: Posting...
[Fri Jul 26 10:11:11 2013]: Successfully posted file
[Fri Jul 26 10:11:11 2013]: Processing /var/lib/cocoon-2.1.11/dh13_abstracts/xml/documents/workshops-007.xml
[Fri Jul 26 10:11:13 2013]: Posting...
[Fri Jul 26 10:11:13 2013]: Successfully posted file
[Fri Jul 26 10:11:13 2013]: Processing /var/lib/cocoon-2.1.11/dh13_abstracts/xml/documents/ab-355.xml
[Fri Jul 26 10:11:14 2013]: Posting...
[Fri Jul 26 10:11:14 2013]: Successfully posted file
[Fri Jul 26 10:11:14 2013]: Processing /var/lib/cocoon-2.1.11/dh13_abstracts/xml/documents/ab-259.xml
[Fri Jul 26 10:11:15 2013]: Posting...
[Fri Jul 26 10:11:15 2013]: Successfully posted file
[Fri Jul 26 10:11:15 2013]: Processing /var/lib/cocoon-2.1.11/dh13_abstracts/xml/documents/workshops-003.xml
[Fri Jul 26 10:11:16 2013]: Posting...
[Fri Jul 26 10:11:16 2013]: Successfully posted file
[Fri Jul 26 10:11:16 2013]: Processing /var/lib/cocoon-2.1.11/dh13_abstracts/xml/documents/workshops-011.xml
[Fri Jul 26 10:11:17 2013]: Posting...
[Fri Jul 26 10:11:17 2013]: Successfully posted file
[Fri Jul 26 10:11:17 2013]: Processing /var/lib/cocoon-2.1.11/dh13_abstracts/xml/documents/ab-441.xml
[Fri Jul 26 10:11:18 2013]: Posting...
[Fri Jul 26 10:11:18 2013]: Successfully posted file
[Fri Jul 26 10:11:18 2013]: Processing /var/lib/cocoon-2.1.11/dh13_abstracts/xml/documents/ab-287.xml
[Fri Jul 26 10:11:19 2013]: Posting...
[Fri Jul 26 10:11:19 2013]: Successfully posted file
[Fri Jul 26 10:11:19 2013]: Processing /var/lib/cocoon-2.1.11/dh13_abstracts/xml/documents/ab-318.xml
[Fri Jul 26 10:11:20 2013]: Posting...
[Fri Jul 26 10:11:20 2013]: Successfully posted file
[Fri Jul 26 10:11:20 2013]: Processing /var/lib/cocoon-2.1.11/dh13_abstracts/xml/documents/ab-232.xml
[Fri Jul 26 10:11:21 2013]: Posting...
[Fri Jul 26 10:11:21 2013]: Successfully posted file
[Fri Jul 26 10:11:21 2013]: Processing /var/lib/cocoon-2.1.11/dh13_abstracts/xml/documents/ab-450.xml
[Fri Jul 26 10:11:22 2013]: Posting...
[Fri Jul 26 10:11:22 2013]: Successfully posted file
[Fri Jul 26 10:11:22 2013]: Processing /var/lib/cocoon-2.1.11/dh13_abstracts/xml/documents/ab-384.xml
[Fri Jul 26 10:11:24 2013]: Posting...
[Fri Jul 26 10:11:24 2013]: Successfully posted file
[Fri Jul 26 10:11:24 2013]: Processing /var/lib/cocoon-2.1.11/dh13_abstracts/xml/documents/ab-258.xml
[Fri Jul 26 10:11:25 2013]: Posting...
[Fri Jul 26 10:11:25 2013]: Successfully posted file
[Fri Jul 26 10:11:25 2013]: Processing /var/lib/cocoon-2.1.11/dh13_abstracts/xml/documents/ab-365.xml
[Fri Jul 26 10:11:26 2013]: Posting...
[Fri Jul 26 10:11:26 2013]: Successfully posted file
[Fri Jul 26 10:11:26 2013]: Processing /var/lib/cocoon-2.1.11/dh13_abstracts/xml/documents/ab-212.xml
[Fri Jul 26 10:11:27 2013]: Posting...
[Fri Jul 26 10:11:27 2013]: Successfully posted file
[Fri Jul 26 10:11:27 2013]: Processing /var/lib/cocoon-2.1.11/dh13_abstracts/xml/documents/ab-420.xml
[Fri Jul 26 10:11:28 2013]: Posting...
[Fri Jul 26 10:11:28 2013]: Successfully posted file
[Fri Jul 26 10:11:28 2013]: Processing /var/lib/cocoon-2.1.11/dh13_abstracts/xml/documents/ab-107.xml
[Fri Jul 26 10:11:29 2013]: Posting...
[Fri Jul 26 10:11:29 2013]: Successfully posted file
[Fri Jul 26 10:11:29 2013]: Processing /var/lib/cocoon-2.1.11/dh13_abstracts/xml/documents/ab-353.xml
[Fri Jul 26 10:11:30 2013]: Posting...
[Fri Jul 26 10:11:30 2013]: Successfully posted file
[Fri Jul 26 10:11:30 2013]: Processing /var/lib/cocoon-2.1.11/dh13_abstracts/xml/documents/ab-293.xml
[Fri Jul 26 10:11:31 2013]: Posting...
[Fri Jul 26 10:11:31 2013]: Successfully posted file
[Fri Jul 26 10:11:31 2013]: Processing /var/lib/cocoon-2.1.11/dh13_abstracts/xml/documents/ab-305.xml
[Fri Jul 26 10:11:32 2013]: Posting...
[Fri Jul 26 10:11:32 2013]: Successfully posted file
[Fri Jul 26 10:11:32 2013]: Processing /var/lib/cocoon-2.1.11/dh13_abstracts/xml/documents/ab-153.xml
[Fri Jul 26 10:11:34 2013]: Posting...
[Fri Jul 26 10:11:34 2013]: Successfully posted file
[Fri Jul 26 10:11:34 2013]: Processing /var/lib/cocoon-2.1.11/dh13_abstracts/xml/documents/ab-312.xml
[Fri Jul 26 10:11:35 2013]: Posting...
[Fri Jul 26 10:11:35 2013]: Successfully posted file
[Fri Jul 26 10:11:35 2013]: Processing /var/lib/cocoon-2.1.11/dh13_abstracts/xml/documents/ab-126.xml
[Fri Jul 26 10:11:36 2013]: Posting...
[Fri Jul 26 10:11:36 2013]: Successfully posted file
[Fri Jul 26 10:11:36 2013]: Processing /var/lib/cocoon-2.1.11/dh13_abstracts/xml/documents/ab-179.xml
[Fri Jul 26 10:11:37 2013]: Posting...
[Fri Jul 26 10:11:37 2013]: Successfully posted file
[Fri Jul 26 10:11:37 2013]: Processing /var/lib/cocoon-2.1.11/dh13_abstracts/xml/documents/ab-251.xml
[Fri Jul 26 10:11:38 2013]: Posting...
[Fri Jul 26 10:11:38 2013]: Successfully posted file
[Fri Jul 26 10:11:38 2013]: Processing /var/lib/cocoon-2.1.11/dh13_abstracts/xml/documents/ab-294.xml
[Fri Jul 26 10:11:39 2013]: Posting...
[Fri Jul 26 10:11:39 2013]: Successfully posted file
[Fri Jul 26 10:11:39 2013]: Processing /var/lib/cocoon-2.1.11/dh13_abstracts/xml/documents/ab-316.xml
[Fri Jul 26 10:11:40 2013]: Posting...
[Fri Jul 26 10:11:40 2013]: Successfully posted file
[Fri Jul 26 10:11:40 2013]: Processing /var/lib/cocoon-2.1.11/dh13_abstracts/xml/documents/ab-204.xml
[Fri Jul 26 10:11:41 2013]: Posting...
[Fri Jul 26 10:11:41 2013]: Successfully posted file
[Fri Jul 26 10:11:41 2013]: Processing /var/lib/cocoon-2.1.11/dh13_abstracts/xml/documents/workshops-010.xml
[Fri Jul 26 10:11:42 2013]: Posting...
[Fri Jul 26 10:11:42 2013]: Successfully posted file
[Fri Jul 26 10:11:42 2013]: Processing /var/lib/cocoon-2.1.11/dh13_abstracts/xml/documents/ab-366.xml
[Fri Jul 26 10:11:43 2013]: Posting...
[Fri Jul 26 10:11:43 2013]: Successfully posted file
[Fri Jul 26 10:11:43 2013]: Processing /var/lib/cocoon-2.1.11/dh13_abstracts/xml/documents/ab-442.xml
[Fri Jul 26 10:11:45 2013]: Posting...
[Fri Jul 26 10:11:45 2013]: Successfully posted file
[Fri Jul 26 10:11:45 2013]: Processing /var/lib/cocoon-2.1.11/dh13_abstracts/xml/documents/ab-313.xml
[Fri Jul 26 10:11:46 2013]: Posting...
[Fri Jul 26 10:11:46 2013]: Successfully posted file
[Fri Jul 26 10:11:46 2013]: Processing /var/lib/cocoon-2.1.11/dh13_abstracts/xml/documents/ab-457.xml
[Fri Jul 26 10:11:47 2013]: Posting...
[Fri Jul 26 10:11:47 2013]: Successfully posted file
[Fri Jul 26 10:11:47 2013]: Processing /var/lib/cocoon-2.1.11/dh13_abstracts/xml/documents/ab-181.xml
[Fri Jul 26 10:11:48 2013]: Posting...
[Fri Jul 26 10:11:48 2013]: Successfully posted file
[Fri Jul 26 10:11:48 2013]: Processing /var/lib/cocoon-2.1.11/dh13_abstracts/xml/documents/ab-130.xml
[Fri Jul 26 10:11:49 2013]: Posting...
[Fri Jul 26 10:11:49 2013]: Successfully posted file
[Fri Jul 26 10:11:49 2013]: Processing /var/lib/cocoon-2.1.11/dh13_abstracts/xml/documents/ab-382.xml
[Fri Jul 26 10:11:50 2013]: Posting...
[Fri Jul 26 10:11:50 2013]: Successfully posted file
[Fri Jul 26 10:11:50 2013]: Processing /var/lib/cocoon-2.1.11/dh13_abstracts/xml/documents/ab-429.xml
[Fri Jul 26 10:11:51 2013]: Posting...
[Fri Jul 26 10:11:51 2013]: Successfully posted file
[Fri Jul 26 10:11:51 2013]: Processing /var/lib/cocoon-2.1.11/dh13_abstracts/xml/documents/ab-111.xml
[Fri Jul 26 10:11:52 2013]: Posting...
[Fri Jul 26 10:11:52 2013]: Successfully posted file
[Fri Jul 26 10:11:52 2013]: Processing /var/lib/cocoon-2.1.11/dh13_abstracts/xml/documents/ab-156.xml
[Fri Jul 26 10:11:53 2013]: Posting...
[Fri Jul 26 10:11:53 2013]: Successfully posted file
[Fri Jul 26 10:11:53 2013]: Processing /var/lib/cocoon-2.1.11/dh13_abstracts/xml/documents/plenary-002.xml
[Fri Jul 26 10:11:54 2013]: Posting...
[Fri Jul 26 10:11:54 2013]: Successfully posted file
[Fri Jul 26 10:11:54 2013]: Processing /var/lib/cocoon-2.1.11/dh13_abstracts/xml/documents/ab-104.xml
[Fri Jul 26 10:11:55 2013]: Posting...
[Fri Jul 26 10:11:55 2013]: Successfully posted file
[Fri Jul 26 10:11:55 2013]: Processing /var/lib/cocoon-2.1.11/dh13_abstracts/xml/documents/ab-289.xml
[Fri Jul 26 10:11:56 2013]: Posting...
[Fri Jul 26 10:11:56 2013]: Successfully posted file
[Fri Jul 26 10:11:56 2013]: Committing changes...
[Fri Jul 26 10:11:57 2013]: Successfully committed
